<?xml version="1.0" encoding="UTF-8"?>
<testsuite xmlns:xsi="http://www.w3.org/2001/XMLSchema-instance" xsi:noNamespaceSchemaLocation="https://maven.apache.org/surefire/maven-surefire-plugin/xsd/surefire-test-report.xsd" name="runner.RunnerTest" time="0.456" tests="3" errors="1" skipped="0" failures="0">
  <properties>
[...]
</properties>
  <testcase name="I want to create a new Playlist" classname="runner.RunnerTest" time="0.175"/>
  <testcase name="I want to create a new song" classname="runner.RunnerTest" time="0.005"/>
  <testcase name="view contents" classname="runner.RunnerTest" time="0.066">
    <error message="The step &apos;the song is already in the playlist&apos; and 2 other step(s) are undefined.&#10;You can implement these steps using the snippet(s) below:&#10;&#10;@Given(&quot;the song is already in the playlist&quot;)&#10;public void the_song_is_already_in_the_playlist() {&#10;    // Write code here that turns the phrase above into concrete actions&#10;    throw new io.cucumber.java.PendingException();&#10;}&#10;@When(&quot;when i search the song title&quot;)&#10;public void when_i_search_the_song_title() {&#10;    // Write code here that turns the phrase above into concrete actions&#10;    throw new io.cucumber.java.PendingException();&#10;}&#10;@Then(&quot;the song is displayed&quot;)&#10;public void the_song_is_displayed() {&#10;    // Write code here that turns the phrase above into concrete actions&#10;    throw new io.cucumber.java.PendingException();&#10;}&#10;" type="io.cucumber.junit.UndefinedStepException">io.cucumber.junit.UndefinedStepException: 
The step 'the song is already in the playlist' and 2 other step(s) are undefined.
You can implement these steps using the snippet(s) below:

@Given("the song is already in the playlist")
public void the_song_is_already_in_the_playlist() {
    // Write code here that turns the phrase above into concrete actions
    throw new io.cucumber.java.PendingException();
}
@When("when i search the song title")
public void when_i_search_the_song_title() {
    // Write code here that turns the phrase above into concrete actions
    throw new io.cucumber.java.PendingException();
}
@Then("the song is displayed")
public void the_song_is_displayed() {
    // Write code here that turns the phrase above into concrete actions
    throw new io.cucumber.java.PendingException();
}

</error>
    <system-err><![CDATA[java.lang.instrument.IllegalClassFormatException: Error while instrumenting sun/util/resources/provider/NonBaseLocaleDataMetaInfo.
	at org.jacoco.agent.rt.internal_f3994fa.CoverageTransformer.transform(CoverageTransformer.java:94)
	at java.instrument/java.lang.instrument.ClassFileTransformer.transform(ClassFileTransformer.java:244)
	at java.instrument/sun.instrument.TransformerManager.transform(TransformerManager.java:188)
	at java.instrument/sun.instrument.InstrumentationImpl.transform(InstrumentationImpl.java:541)
	at java.base/java.lang.ClassLoader.defineClass2(Native Method)
	at java.base/java.lang.ClassLoader.defineClass(ClassLoader.java:1103)
	at java.base/java.security.SecureClassLoader.defineClass(SecureClassLoader.java:182)
	at java.base/jdk.internal.loader.BuiltinClassLoader.defineClass(BuiltinClassLoader.java:821)
	at java.base/jdk.internal.loader.BuiltinClassLoader.findClassInModuleOrNull(BuiltinClassLoader.java:741)
	at java.base/jdk.internal.loader.BuiltinClassLoader.findClass(BuiltinClassLoader.java:621)
	at java.base/java.lang.ClassLoader.loadClass(ClassLoader.java:632)
	at java.base/java.lang.Class.forName(Class.java:545)
	at java.base/java.util.ServiceLoader.loadProvider(ServiceLoader.java:859)
	at java.base/java.util.ServiceLoader$ModuleServicesLookupIterator.hasNext(ServiceLoader.java:1084)
	at java.base/java.util.ServiceLoader$2.hasNext(ServiceLoader.java:1309)
	at java.base/java.util.ServiceLoader$3.hasNext(ServiceLoader.java:1393)
	at java.base/sun.util.locale.provider.JRELocaleProviderAdapter.lambda$createSupportedLocaleString$13(JRELocaleProviderAdapter.java:479)
	at java.base/java.security.AccessController.doPrivileged(AccessController.java:569)
	at java.base/sun.util.locale.provider.JRELocaleProviderAdapter.createSupportedLocaleString(JRELocaleProviderAdapter.java:476)
	at java.base/sun.util.locale.provider.JRELocaleProviderAdapter.createLanguageTagSet(JRELocaleProviderAdapter.java:456)
	at java.base/sun.util.locale.provider.JRELocaleProviderAdapter.getLanguageTagSet(JRELocaleProviderAdapter.java:446)
	at java.base/sun.util.locale.provider.JRELocaleProviderAdapter.lambda$getCollatorProvider$1(JRELocaleProviderAdapter.java:169)
	at java.base/java.security.AccessController.doPrivileged(AccessController.java:318)
	at java.base/sun.util.locale.provider.JRELocaleProviderAdapter.getCollatorProvider(JRELocaleProviderAdapter.java:165)
	at java.base/sun.util.locale.provider.JRELocaleProviderAdapter.getLocaleServiceProvider(JRELocaleProviderAdapter.java:95)
	at java.base/sun.util.locale.provider.LocaleProviderAdapter.findAdapter(LocaleProviderAdapter.java:289)
	at java.base/sun.util.locale.provider.LocaleProviderAdapter.getAdapter(LocaleProviderAdapter.java:258)
	at java.base/java.text.Collator.getInstance(Collator.java:240)
	at io.cucumber.cucumberexpressions.GeneratedExpression.<clinit>(GeneratedExpression.java:15)
	at io.cucumber.cucumberexpressions.CombinatorialGeneratedExpressionFactory.generatePermutations(CombinatorialGeneratedExpressionFactory.java:39)
	at io.cucumber.cucumberexpressions.CombinatorialGeneratedExpressionFactory.generateExpressions(CombinatorialGeneratedExpressionFactory.java:25)
	at io.cucumber.cucumberexpressions.CucumberExpressionGenerator.generateExpressions(CucumberExpressionGenerator.java:78)
	at io.cucumber.core.snippets.SnippetGenerator.getSnippet(SnippetGenerator.java:41)
	at io.cucumber.core.runner.Runner.generateSnippetsForStep(Runner.java:227)
	at io.cucumber.core.runner.Runner.emitSnippetSuggestedEvent(Runner.java:195)
	at io.cucumber.core.runner.Runner.matchStepToStepDefinition(Runner.java:187)
	at io.cucumber.core.runner.Runner.createTestStepsForPickleSteps(Runner.java:163)
	at io.cucumber.core.runner.Runner.createTestCaseForPickle(Runner.java:146)
	at io.cucumber.core.runner.Runner.runPickle(Runner.java:74)
	at io.cucumber.junit.PickleRunners$NoStepDescriptions.lambda$run$0(PickleRunners.java:151)
	at io.cucumber.core.runtime.CucumberExecutionContext.lambda$runTestCase$3(CucumberExecutionContext.java:110)
	at io.cucumber.core.runtime.RethrowingThrowableCollector.executeAndThrow(RethrowingThrowableCollector.java:23)
	at io.cucumber.core.runtime.CucumberExecutionContext.runTestCase(CucumberExecutionContext.java:110)
	at io.cucumber.junit.PickleRunners$NoStepDescriptions.run(PickleRunners.java:148)
	at io.cucumber.junit.FeatureRunner.runChild(FeatureRunner.java:144)
	at io.cucumber.junit.FeatureRunner.runChild(FeatureRunner.java:28)
	at org.junit.runners.ParentRunner$4.run(ParentRunner.java:331)
	at org.junit.runners.ParentRunner$1.schedule(ParentRunner.java:79)
	at org.junit.runners.ParentRunner.runChildren(ParentRunner.java:329)
	at org.junit.runners.ParentRunner.access$100(ParentRunner.java:66)
	at org.junit.runners.ParentRunner$2.evaluate(ParentRunner.java:293)
	at org.junit.runners.ParentRunner$3.evaluate(ParentRunner.java:306)
	at org.junit.runners.ParentRunner.run(ParentRunner.java:413)
	at io.cucumber.junit.FeatureRunner.run(FeatureRunner.java:137)
	at io.cucumber.junit.Cucumber.runChild(Cucumber.java:196)
	at io.cucumber.junit.Cucumber.runChild(Cucumber.java:89)
	at org.junit.runners.ParentRunner$4.run(ParentRunner.java:331)
	at org.junit.runners.ParentRunner$1.schedule(ParentRunner.java:79)
	at org.junit.runners.ParentRunner.runChildren(ParentRunner.java:329)
	at org.junit.runners.ParentRunner.access$100(ParentRunner.java:66)
	at org.junit.runners.ParentRunner$2.evaluate(ParentRunner.java:293)
	at io.cucumber.junit.Cucumber$RunBeforeAllHooks.evaluate(Cucumber.java:266)
	at io.cucumber.junit.Cucumber$RunAfterAllHooks.evaluate(Cucumber.java:281)
	at io.cucumber.junit.Cucumber$StartTestRun.evaluate(Cucumber.java:233)
	at io.cucumber.junit.Cucumber$FinishTestRun.evaluate(Cucumber.java:248)
	at org.junit.runners.ParentRunner$3.evaluate(ParentRunner.java:306)
	at org.junit.runners.ParentRunner.run(ParentRunner.java:413)
	at org.junit.runner.JUnitCore.run(JUnitCore.java:137)
	at org.junit.runner.JUnitCore.run(JUnitCore.java:115)
	at org.junit.vintage.engine.execution.RunnerExecutor.execute(RunnerExecutor.java:42)
	at org.junit.vintage.engine.VintageTestEngine.executeAllChildren(VintageTestEngine.java:80)
	at org.junit.vintage.engine.VintageTestEngine.execute(VintageTestEngine.java:72)
	at org.junit.platform.launcher.core.EngineExecutionOrchestrator.execute(EngineExecutionOrchestrator.java:108)
	at org.junit.platform.launcher.core.EngineExecutionOrchestrator.execute(EngineExecutionOrchestrator.java:88)
	at org.junit.platform.launcher.core.EngineExecutionOrchestrator.lambda$execute$0(EngineExecutionOrchestrator.java:54)
	at org.junit.platform.launcher.core.EngineExecutionOrchestrator.withInterceptedStreams(EngineExecutionOrchestrator.java:67)
	at org.junit.platform.launcher.core.EngineExecutionOrchestrator.execute(EngineExecutionOrchestrator.java:52)
	at org.junit.platform.launcher.core.DefaultLauncher.execute(DefaultLauncher.java:96)
	at org.junit.platform.launcher.core.DefaultLauncher.execute(DefaultLauncher.java:75)
	at org.apache.maven.surefire.junitplatform.JUnitPlatformProvider.invokeAllTests(JUnitPlatformProvider.java:142)
	at org.apache.maven.surefire.junitplatform.JUnitPlatformProvider.invoke(JUnitPlatformProvider.java:117)
	at org.apache.maven.surefire.booter.ForkedBooter.invokeProviderInSameClassLoader(ForkedBooter.java:383)
	at org.apache.maven.surefire.booter.ForkedBooter.runSuitesInProcess(ForkedBooter.java:344)
	at org.apache.maven.surefire.booter.ForkedBooter.execute(ForkedBooter.java:125)
	at org.apache.maven.surefire.booter.ForkedBooter.main(ForkedBooter.java:417)
Caused by: java.io.IOException: Error while instrumenting sun/util/resources/provider/NonBaseLocaleDataMetaInfo.
	at org.jacoco.agent.rt.internal_f3994fa.core.instr.Instrumenter.instrumentError(Instrumenter.java:160)
	at org.jacoco.agent.rt.internal_f3994fa.core.instr.Instrumenter.instrument(Instrumenter.java:110)
	at org.jacoco.agent.rt.internal_f3994fa.CoverageTransformer.transform(CoverageTransformer.java:92)
	... 84 more
Caused by: java.lang.IllegalArgumentException: Unsupported class file major version 61
	at org.jacoco.agent.rt.internal_f3994fa.asm.ClassReader.<init>(ClassReader.java:196)
	at org.jacoco.agent.rt.internal_f3994fa.asm.ClassReader.<init>(ClassReader.java:177)
	at org.jacoco.agent.rt.internal_f3994fa.asm.ClassReader.<init>(ClassReader.java:163)
	at org.jacoco.agent.rt.internal_f3994fa.core.internal.instr.InstrSupport.classReaderFor(InstrSupport.java:280)
	at org.jacoco.agent.rt.internal_f3994fa.core.instr.Instrumenter.instrument(Instrumenter.java:76)
	at org.jacoco.agent.rt.internal_f3994fa.core.instr.Instrumenter.instrument(Instrumenter.java:108)
	... 85 more
]]></system-err>
  </testcase>
</testsuite>