<?xml version="1.0" encoding="UTF-8"?>
<testsuite xmlns:xsi="http://www.w3.org/2001/XMLSchema-instance" xsi:noNamespaceSchemaLocation="https://maven.apache.org/surefire/maven-surefire-plugin/xsd/surefire-test-report.xsd" name="UnitTest.PlaylistTest" time="0.024" tests="2" errors="0" skipped="0" failures="0">
  <properties>
[...]
</properties>
  <testcase name="removeSongTest" classname="UnitTest.PlaylistTest" time="0.017"/>
  <testcase name="addSongTest" classname="UnitTest.PlaylistTest" time="0"/>
</testsuite>